<?xml version="1.0" encoding="UTF-8"?>
<testsuite xmlns:xsi="http://www.w3.org/2001/XMLSchema-instance" xsi:noNamespaceSchemaLocation="https://maven.apache.org/surefire/maven-surefire-plugin/xsd/surefire-test-report.xsd" name="com.fan.AppTest" time="0.018" tests="1" errors="0" skipped="0" failures="0">
  <properties>
    <property name="sun.desktop" value="windows"/>
    <property name="awt.toolkit" value="sun.awt.windows.WToolkit"/>
    <property name="file.encoding.pkg" value="sun.io"/>
    <property name="java.specification.version" value="1.8"/>
    <property name="sun.cpu.isalist" value="amd64"/>
    <property name="sun.jnu.encoding" value="GBK"/>
    <property name="java.class.path" value="E:\JavaProjects\mycodes\java\target\test-classes;E:\JavaProjects\mycodes\java\target\classes;E:\MavenRepository\org\projectlombok\lombok\1.18.24\lombok-1.18.24.jar;E:\MavenRepository\junit\junit\4.11\junit-4.11.jar;E:\MavenRepository\org\hamcrest\hamcrest-core\2.2\hamcrest-core-2.2.jar;E:\MavenRepository\org\hamcrest\hamcrest\2.2\hamcrest-2.2.jar;"/>
    <property name="java.vm.vendor" value="Oracle Corporation"/>
    <property name="sun.arch.data.model" value="64"/>
    <property name="user.variant" value=""/>
    <property name="java.vendor.url" value="http://java.oracle.com/"/>
    <property name="user.timezone" value="Asia/Shanghai"/>
    <property name="java.vm.specification.version" value="1.8"/>
    <property name="os.name" value="Windows 10"/>
    <property name="user.country" value="CN"/>
    <property name="sun.java.launcher" value="SUN_STANDARD"/>
    <property name="sun.boot.library.path" value="E:\Java\jdk1.8.0_311\jre\bin"/>
    <property name="sun.java.command" value="C:\Users\fan\AppData\Local\Temp\surefire4298597373373893436\surefirebooter4827896997017471000.jar C:\Users\fan\AppData\Local\Temp\surefire4298597373373893436 2022-09-24T11-04-24_755-jvmRun1 surefire3105069928978608921tmp surefire_01400682589650202715tmp"/>
    <property name="surefire.test.class.path" value="E:\JavaProjects\mycodes\java\target\test-classes;E:\JavaProjects\mycodes\java\target\classes;E:\MavenRepository\org\projectlombok\lombok\1.18.24\lombok-1.18.24.jar;E:\MavenRepository\junit\junit\4.11\junit-4.11.jar;E:\MavenRepository\org\hamcrest\hamcrest-core\2.2\hamcrest-core-2.2.jar;E:\MavenRepository\org\hamcrest\hamcrest\2.2\hamcrest-2.2.jar;"/>
    <property name="sun.cpu.endian" value="little"/>
    <property name="user.home" value="C:\Users\fan"/>
    <property name="user.language" value="zh"/>
    <property name="java.specification.vendor" value="Oracle Corporation"/>
    <property name="java.home" value="E:\Java\jdk1.8.0_311\jre"/>
    <property name="basedir" value="E:\JavaProjects\mycodes\java"/>
    <property name="file.separator" value="\"/>
    <property name="line.separator" value="&#10;"/>
    <property name="java.vm.specification.vendor" value="Oracle Corporation"/>
    <property name="java.specification.name" value="Java Platform API Specification"/>
    <property name="java.awt.graphicsenv" value="sun.awt.Win32GraphicsEnvironment"/>
    <property name="idea.version2020.1.1" value="true"/>
    <property name="surefire.real.class.path" value="C:\Users\fan\AppData\Local\Temp\surefire4298597373373893436\surefirebooter4827896997017471000.jar"/>
    <property name="sun.boot.class.path" value="E:\Java\jdk1.8.0_311\jre\lib\resources.jar;E:\Java\jdk1.8.0_311\jre\lib\rt.jar;E:\Java\jdk1.8.0_311\jre\lib\sunrsasign.jar;E:\Java\jdk1.8.0_311\jre\lib\jsse.jar;E:\Java\jdk1.8.0_311\jre\lib\jce.jar;E:\Java\jdk1.8.0_311\jre\lib\charsets.jar;E:\Java\jdk1.8.0_311\jre\lib\jfr.jar;E:\Java\jdk1.8.0_311\jre\classes"/>
    <property name="user.script" value=""/>
    <property name="sun.management.compiler" value="HotSpot 64-Bit Tiered Compilers"/>
    <property name="java.runtime.version" value="1.8.0_311-b11"/>
    <property name="user.name" value="fan"/>
    <property name="path.separator" value=";"/>
    <property name="os.version" value="10.0"/>
    <property name="java.endorsed.dirs" value="E:\Java\jdk1.8.0_311\jre\lib\endorsed"/>
    <property name="java.runtime.name" value="Java(TM) SE Runtime Environment"/>
    <property name="file.encoding" value="GBK"/>
    <property name="java.vm.name" value="Java HotSpot(TM) 64-Bit Server VM"/>
    <property name="localRepository" value="E:\MavenRepository"/>
    <property name="java.vendor.url.bug" value="http://bugreport.sun.com/bugreport/"/>
    <property name="java.io.tmpdir" value="C:\Users\fan\AppData\Local\Temp\"/>
    <property name="java.version" value="1.8.0_311"/>
    <property name="user.dir" value="E:\JavaProjects\mycodes\java"/>
    <property name="os.arch" value="amd64"/>
    <property name="java.vm.specification.name" value="Java Virtual Machine Specification"/>
    <property name="java.awt.printerjob" value="sun.awt.windows.WPrinterJob"/>
    <property name="sun.os.patch.level" value=""/>
    <property name="java.library.path" value="E:\Java\jdk1.8.0_311\jre\bin;C:\WINDOWS\Sun\Java\bin;C:\WINDOWS\system32;C:\WINDOWS;E:\Program Files\Python39\Scripts\;E:\Program Files\Python39\;E:\Program Files (x86)\VMware\VMware Workstation\bin\;C:\Program Files (x86)\Common Files\Oracle\Java\javapath;C:\Windows\system32;C:\Windows;C:\Windows\System32\Wbem;C:\Windows\System32\WindowsPowerShell\v1.0\;C:\Windows\System32\OpenSSH\;C:\Program Files\NVIDIA Corporation\NVIDIA NvDLISR;C:\Program Files (x86)\NVIDIA Corporation\PhysX\Common;C:\WINDOWS\system32;C:\WINDOWS;C:\WINDOWS\System32\Wbem;C:\WINDOWS\System32\WindowsPowerShell\v1.0\;C:\WINDOWS\System32\OpenSSH\;E:\Git\bin;E:\Git\mingw64\bin;E:\Git\mingw64\libexec\git-core;E:\Java\jdk1.8.0_311\bin;E:\Java\jdk1.8.0_311\jre\bin;E:\apache-maven-3.8.4\bin;E:\gradle-5.2.1\bin;E:\android-sdk-windows\platform-tools;E:\android-sdk-windows\tools;D:\mysql\mysql-8.0.22-winx64\bin;E:\Program Files (x86)\NetSarang\Xshell 7\;E:\Program Files (x86)\NetSarang\Xftp 7\;E:\chrome_download\ffmpeg\bin;C:\Users\fan\AppData\Local\Microsoft\WindowsApps;;."/>
    <property name="java.vm.info" value="mixed mode"/>
    <property name="java.vendor" value="Oracle Corporation"/>
    <property name="java.vm.version" value="25.311-b11"/>
    <property name="java.ext.dirs" value="E:\Java\jdk1.8.0_311\jre\lib\ext;C:\WINDOWS\Sun\Java\lib\ext"/>
    <property name="sun.io.unicode.encoding" value="UnicodeLittle"/>
    <property name="maven.repo.local" value="E:\MavenRepository"/>
    <property name="java.class.version" value="52.0"/>
  </properties>
  <testcase name="shouldAnswerWithTrue" classname="com.fan.AppTest" time="0.001"/>
</testsuite>